[debug] [2021-04-30T17:06:14.157Z] ----------------------------------------------------------------------
[debug] [2021-04-30T17:06:14.158Z] Command:       C:\Program Files\nodejs\node.exe C:\Users\Yazish\AppData\Roaming\npm\node_modules\firebase-tools\lib\bin\firebase.js init
[debug] [2021-04-30T17:06:14.158Z] CLI Version:   9.10.0
[debug] [2021-04-30T17:06:14.158Z] Platform:      win32
[debug] [2021-04-30T17:06:14.159Z] Node Version:  v14.16.0
[debug] [2021-04-30T17:06:14.159Z] Time:          Fri Apr 30 2021 22:36:14 GMT+0530 (India Standard Time)
[debug] [2021-04-30T17:06:14.159Z] ----------------------------------------------------------------------
[debug] 
[debug] [2021-04-30T17:06:14.162Z] >>> [apiv2][query] GET https://firebase-public.firebaseio.com/cli.json [none]
[debug] [2021-04-30T17:06:14.178Z] > command requires scopes: ["email","openid","https://www.googleapis.com/auth/cloudplatformprojects.readonly","https://www.googleapis.com/auth/firebase","https://www.googleapis.com/auth/cloud-platform"]
[debug] [2021-04-30T17:06:14.178Z] > authorizing via signed-in user (yazishkavina@gmail.com)
[info] 
     ######## #### ########  ######## ########     ###     ######  ########
     ##        ##  ##     ## ##       ##     ##  ##   ##  ##       ##
     ######    ##  ########  ######   ########  #########  ######  ######
     ##        ##  ##    ##  ##       ##     ## ##     ##       ## ##
     ##       #### ##     ## ######## ########  ##     ##  ######  ########

You're about to initialize a Firebase project in this directory:

  C:\Users\Yazish\Documents\hirji-final-2

Before we get started, keep in mind:

  * You are initializing in an existing Firebase project directory

[debug] [2021-04-30T17:06:15.342Z] <<< [apiv2][status] GET https://firebase-public.firebaseio.com/cli.json 200
[debug] [2021-04-30T17:06:15.343Z] <<< [apiv2][body] GET https://firebase-public.firebaseio.com/cli.json {"cloudBuildErrorAfter":1594252800000,"cloudBuildWarnAfter":1590019200000,"defaultNode10After":1594252800000,"minVersion":"3.0.5","node8DeploysDisabledAfter":1613390400000,"node8RuntimeDisabledAfter":1615809600000,"node8WarnAfter":1600128000000}
